{"/Users/peteargent/apps/000_fe_new/edgetrust/src/lib/auth/index.ts": {"path":"/Users/peteargent/apps/000_fe_new/edgetrust/src/lib/auth/index.ts","statementMap":{"0":{"start":{"line":16,"column":2},"end":{"line":16,"column":null}},"1":{"start":{"line":30,"column":17},"end":{"line":30,"column":null}},"2":{"start":{"line":32,"column":4},"end":{"line":34,"column":null}},"3":{"start":{"line":36,"column":2},"end":{"line":52,"column":null}},"4":{"start":{"line":37,"column":4},"end":{"line":49,"column":null}},"5":{"start":{"line":38,"column":6},"end":{"line":47,"column":null}},"6":{"start":{"line":48,"column":6},"end":{"line":48,"column":null}},"7":{"start":{"line":51,"column":4},"end":{"line":51,"column":null}},"8":{"start":{"line":54,"column":17},"end":{"line":54,"column":null}},"9":{"start":{"line":56,"column":2},"end":{"line":71,"column":null}},"10":{"start":{"line":77,"column":28},"end":{"line":77,"column":null}},"11":{"start":{"line":78,"column":24},"end":{"line":78,"column":null}},"12":{"start":{"line":89,"column":22},"end":{"line":89,"column":null}},"13":{"start":{"line":91,"column":2},"end":{"line":91,"column":null}},"14":{"start":{"line":101,"column":2},"end":{"line":101,"column":null}},"15":{"start":{"line":101,"column":21},"end":{"line":101,"column":null}},"16":{"start":{"line":103,"column":18},"end":{"line":103,"column":null}},"17":{"start":{"line":103,"column":53},"end":{"line":103,"column":61}},"18":{"start":{"line":104,"column":24},"end":{"line":106,"column":null}},"19":{"start":{"line":105,"column":4},"end":{"line":105,"column":null}},"20":{"start":{"line":108,"column":2},"end":{"line":108,"column":null}},"21":{"start":{"line":108,"column":22},"end":{"line":108,"column":null}},"22":{"start":{"line":110,"column":2},"end":{"line":124,"column":null}},"23":{"start":{"line":111,"column":24},"end":{"line":111,"column":null}},"24":{"start":{"line":112,"column":20},"end":{"line":112,"column":null}},"25":{"start":{"line":115,"column":16},"end":{"line":115,"column":null}},"26":{"start":{"line":116,"column":4},"end":{"line":118,"column":null}},"27":{"start":{"line":117,"column":6},"end":{"line":117,"column":null}},"28":{"start":{"line":120,"column":4},"end":{"line":120,"column":null}},"29":{"start":{"line":122,"column":4},"end":{"line":122,"column":null}},"30":{"start":{"line":123,"column":4},"end":{"line":123,"column":null}},"31":{"start":{"line":133,"column":2},"end":{"line":133,"column":null}},"32":{"start":{"line":147,"column":23},"end":{"line":147,"column":null}},"33":{"start":{"line":148,"column":19},"end":{"line":148,"column":null}},"34":{"start":{"line":150,"column":2},"end":{"line":152,"column":null}},"35":{"start":{"line":151,"column":4},"end":{"line":151,"column":null}},"36":{"start":{"line":154,"column":2},"end":{"line":167,"column":null}},"37":{"start":{"line":155,"column":19},"end":{"line":156,"column":null}},"38":{"start":{"line":159,"column":4},"end":{"line":161,"column":null}},"39":{"start":{"line":160,"column":6},"end":{"line":160,"column":null}},"40":{"start":{"line":163,"column":4},"end":{"line":163,"column":null}},"41":{"start":{"line":165,"column":4},"end":{"line":165,"column":null}},"42":{"start":{"line":166,"column":4},"end":{"line":166,"column":null}},"43":{"start":{"line":180,"column":17},"end":{"line":180,"column":null}},"44":{"start":{"line":182,"column":2},"end":{"line":187,"column":null}},"45":{"start":{"line":183,"column":4},"end":{"line":186,"column":null}},"46":{"start":{"line":189,"column":2},"end":{"line":189,"column":null}},"47":{"start":{"line":207,"column":17},"end":{"line":207,"column":null}},"48":{"start":{"line":209,"column":2},"end":{"line":223,"column":null}},"49":{"start":{"line":210,"column":49},"end":{"line":213,"column":null}},"50":{"start":{"line":216,"column":6},"end":{"line":217,"column":null}},"51":{"start":{"line":219,"column":4},"end":{"line":222,"column":null}},"52":{"start":{"line":225,"column":2},"end":{"line":225,"column":null}}},"fnMap":{"0":{"name":"generateCode","decl":{"start":{"line":15,"column":16},"end":{"line":15,"column":39}},"loc":{"start":{"line":15,"column":39},"end":{"line":17,"column":null}},"line":15},"1":{"name":"sendVerificationEmail","decl":{"start":{"line":26,"column":22},"end":{"line":26,"column":null}},"loc":{"start":{"line":29,"column":17},"end":{"line":72,"column":null}},"line":29},"2":{"name":"createSessionCookie","decl":{"start":{"line":86,"column":16},"end":{"line":86,"column":36}},"loc":{"start":{"line":86,"column":62},"end":{"line":92,"column":null}},"line":86},"3":{"name":"parseSession","decl":{"start":{"line":100,"column":16},"end":{"line":100,"column":29}},"loc":{"start":{"line":100,"column":73},"end":{"line":125,"column":null}},"line":100},"4":{"name":"(anonymous_4)","decl":{"start":{"line":103,"column":46},"end":{"line":103,"column":47}},"loc":{"start":{"line":103,"column":53},"end":{"line":103,"column":61}},"line":103},"5":{"name":"(anonymous_5)","decl":{"start":{"line":104,"column":37},"end":{"line":104,"column":38}},"loc":{"start":{"line":105,"column":4},"end":{"line":105,"column":null}},"line":105},"6":{"name":"clearSessionCookie","decl":{"start":{"line":132,"column":16},"end":{"line":132,"column":45}},"loc":{"start":{"line":132,"column":45},"end":{"line":134,"column":null}},"line":132},"7":{"name":"getCurrentUser","decl":{"start":{"line":143,"column":22},"end":{"line":143,"column":null}},"loc":{"start":{"line":146,"column":26},"end":{"line":168,"column":null}},"line":146},"8":{"name":"requireAuth","decl":{"start":{"line":179,"column":22},"end":{"line":179,"column":34}},"loc":{"start":{"line":179,"column":79},"end":{"line":190,"column":null}},"line":179},"9":{"name":"requireRole","decl":{"start":{"line":202,"column":22},"end":{"line":202,"column":null}},"loc":{"start":{"line":206,"column":19},"end":{"line":226,"column":null}},"line":206}},"branchMap":{"0":{"loc":{"start":{"line":32,"column":4},"end":{"line":34,"column":null}},"type":"binary-expr","locations":[{"start":{"line":32,"column":4},"end":{"line":32,"column":null}},{"start":{"line":33,"column":4},"end":{"line":33,"column":null}},{"start":{"line":34,"column":4},"end":{"line":34,"column":null}}],"line":32},"1":{"loc":{"start":{"line":36,"column":2},"end":{"line":52,"column":null}},"type":"if","locations":[{"start":{"line":36,"column":2},"end":{"line":52,"column":null}},{"start":{},"end":{}}],"line":36},"2":{"loc":{"start":{"line":37,"column":4},"end":{"line":49,"column":null}},"type":"if","locations":[{"start":{"line":37,"column":4},"end":{"line":49,"column":null}},{"start":{},"end":{}}],"line":37},"3":{"loc":{"start":{"line":101,"column":2},"end":{"line":101,"column":null}},"type":"if","locations":[{"start":{"line":101,"column":2},"end":{"line":101,"column":null}},{"start":{},"end":{}}],"line":101},"4":{"loc":{"start":{"line":108,"column":2},"end":{"line":108,"column":null}},"type":"if","locations":[{"start":{"line":108,"column":2},"end":{"line":108,"column":null}},{"start":{},"end":{}}],"line":108},"5":{"loc":{"start":{"line":116,"column":4},"end":{"line":118,"column":null}},"type":"if","locations":[{"start":{"line":116,"column":4},"end":{"line":118,"column":null}},{"start":{},"end":{}}],"line":116},"6":{"loc":{"start":{"line":150,"column":2},"end":{"line":152,"column":null}},"type":"if","locations":[{"start":{"line":150,"column":2},"end":{"line":152,"column":null}},{"start":{},"end":{}}],"line":150},"7":{"loc":{"start":{"line":159,"column":4},"end":{"line":161,"column":null}},"type":"if","locations":[{"start":{"line":159,"column":4},"end":{"line":161,"column":null}},{"start":{},"end":{}}],"line":159},"8":{"loc":{"start":{"line":182,"column":2},"end":{"line":187,"column":null}},"type":"if","locations":[{"start":{"line":182,"column":2},"end":{"line":187,"column":null}},{"start":{},"end":{}}],"line":182},"9":{"loc":{"start":{"line":209,"column":2},"end":{"line":223,"column":null}},"type":"if","locations":[{"start":{"line":209,"column":2},"end":{"line":223,"column":null}},{"start":{},"end":{}}],"line":209},"10":{"loc":{"start":{"line":216,"column":6},"end":{"line":217,"column":null}},"type":"binary-expr","locations":[{"start":{"line":216,"column":6},"end":{"line":216,"column":null}},{"start":{"line":217,"column":6},"end":{"line":217,"column":null}}],"line":216}},"s":{"0":0,"1":0,"2":0,"3":0,"4":0,"5":0,"6":0,"7":0,"8":0,"9":0,"10":1,"11":1,"12":5,"13":5,"14":0,"15":0,"16":0,"17":0,"18":0,"19":0,"20":0,"21":0,"22":0,"23":0,"24":0,"25":0,"26":0,"27":0,"28":0,"29":0,"30":0,"31":0,"32":0,"33":0,"34":0,"35":0,"36":0,"37":0,"38":0,"39":0,"40":0,"41":0,"42":0,"43":0,"44":0,"45":0,"46":0,"47":0,"48":0,"49":0,"50":0,"51":0,"52":0},"f":{"0":0,"1":0,"2":5,"3":0,"4":0,"5":0,"6":0,"7":0,"8":0,"9":0},"b":{"0":[0,0,0],"1":[0,0],"2":[0,0],"3":[0,0],"4":[0,0],"5":[0,0],"6":[0,0],"7":[0,0],"8":[0,0],"9":[0,0],"10":[0,0]},"meta":{"lastBranch":11,"lastFunction":10,"lastStatement":53,"seen":{"f:15:16:15:39":0,"s:16:2:16:Infinity":0,"f:26:22:26:Infinity":1,"s:30:17:30:Infinity":1,"s:32:4:34:Infinity":2,"b:32:4:32:Infinity:33:4:33:Infinity:34:4:34:Infinity":0,"b:36:2:52:Infinity:undefined:undefined:undefined:undefined":1,"s:36:2:52:Infinity":3,"b:37:4:49:Infinity:undefined:undefined:undefined:undefined":2,"s:37:4:49:Infinity":4,"s:38:6:47:Infinity":5,"s:48:6:48:Infinity":6,"s:51:4:51:Infinity":7,"s:54:17:54:Infinity":8,"s:56:2:71:Infinity":9,"s:77:28:77:Infinity":10,"s:78:24:78:Infinity":11,"f:86:16:86:36":2,"s:89:22:89:Infinity":12,"s:91:2:91:Infinity":13,"f:100:16:100:29":3,"b:101:2:101:Infinity:undefined:undefined:undefined:undefined":3,"s:101:2:101:Infinity":14,"s:101:21:101:Infinity":15,"s:103:18:103:Infinity":16,"f:103:46:103:47":4,"s:103:53:103:61":17,"s:104:24:106:Infinity":18,"f:104:37:104:38":5,"s:105:4:105:Infinity":19,"b:108:2:108:Infinity:undefined:undefined:undefined:undefined":4,"s:108:2:108:Infinity":20,"s:108:22:108:Infinity":21,"s:110:2:124:Infinity":22,"s:111:24:111:Infinity":23,"s:112:20:112:Infinity":24,"s:115:16:115:Infinity":25,"b:116:4:118:Infinity:undefined:undefined:undefined:undefined":5,"s:116:4:118:Infinity":26,"s:117:6:117:Infinity":27,"s:120:4:120:Infinity":28,"s:122:4:122:Infinity":29,"s:123:4:123:Infinity":30,"f:132:16:132:45":6,"s:133:2:133:Infinity":31,"f:143:22:143:Infinity":7,"s:147:23:147:Infinity":32,"s:148:19:148:Infinity":33,"b:150:2:152:Infinity:undefined:undefined:undefined:undefined":6,"s:150:2:152:Infinity":34,"s:151:4:151:Infinity":35,"s:154:2:167:Infinity":36,"s:155:19:156:Infinity":37,"b:159:4:161:Infinity:undefined:undefined:undefined:undefined":7,"s:159:4:161:Infinity":38,"s:160:6:160:Infinity":39,"s:163:4:163:Infinity":40,"s:165:4:165:Infinity":41,"s:166:4:166:Infinity":42,"f:179:22:179:34":8,"s:180:17:180:Infinity":43,"b:182:2:187:Infinity:undefined:undefined:undefined:undefined":8,"s:182:2:187:Infinity":44,"s:183:4:186:Infinity":45,"s:189:2:189:Infinity":46,"f:202:22:202:Infinity":9,"s:207:17:207:Infinity":47,"b:209:2:223:Infinity:undefined:undefined:undefined:undefined":9,"s:209:2:223:Infinity":48,"s:210:49:213:Infinity":49,"s:216:6:217:Infinity":50,"b:216:6:216:Infinity:217:6:217:Infinity":10,"s:219:4:222:Infinity":51,"s:225:2:225:Infinity":52}}}
,"/Users/peteargent/apps/000_fe_new/edgetrust/src/lib/contracts/validators.ts": {"path":"/Users/peteargent/apps/000_fe_new/edgetrust/src/lib/contracts/validators.ts","statementMap":{"0":{"start":{"line":11,"column":2},"end":{"line":11,"column":null}},"1":{"start":{"line":19,"column":2},"end":{"line":19,"column":null}},"2":{"start":{"line":29,"column":2},"end":{"line":31,"column":null}},"3":{"start":{"line":30,"column":4},"end":{"line":30,"column":null}},"4":{"start":{"line":41,"column":2},"end":{"line":43,"column":null}},"5":{"start":{"line":42,"column":4},"end":{"line":42,"column":null}},"6":{"start":{"line":44,"column":2},"end":{"line":46,"column":null}},"7":{"start":{"line":45,"column":4},"end":{"line":45,"column":null}},"8":{"start":{"line":54,"column":2},"end":{"line":59,"column":null}}},"fnMap":{"0":{"name":"isValidUUID","decl":{"start":{"line":18,"column":16},"end":{"line":18,"column":28}},"loc":{"start":{"line":18,"column":51},"end":{"line":20,"column":null}},"line":18},"1":{"name":"validateUUID","decl":{"start":{"line":28,"column":16},"end":{"line":28,"column":29}},"loc":{"start":{"line":28,"column":68},"end":{"line":32,"column":null}},"line":28},"2":{"name":"validateProofText","decl":{"start":{"line":40,"column":16},"end":{"line":40,"column":34}},"loc":{"start":{"line":40,"column":70},"end":{"line":47,"column":null}},"line":40},"3":{"name":"sanitizeText","decl":{"start":{"line":53,"column":16},"end":{"line":53,"column":29}},"loc":{"start":{"line":53,"column":51},"end":{"line":60,"column":null}},"line":53}},"branchMap":{"0":{"loc":{"start":{"line":29,"column":2},"end":{"line":31,"column":null}},"type":"if","locations":[{"start":{"line":29,"column":2},"end":{"line":31,"column":null}},{"start":{},"end":{}}],"line":29},"1":{"loc":{"start":{"line":40,"column":48},"end":{"line":40,"column":70}},"type":"default-arg","locations":[{"start":{"line":40,"column":60},"end":{"line":40,"column":70}}],"line":40},"2":{"loc":{"start":{"line":41,"column":2},"end":{"line":43,"column":null}},"type":"if","locations":[{"start":{"line":41,"column":2},"end":{"line":43,"column":null}},{"start":{},"end":{}}],"line":41},"3":{"loc":{"start":{"line":41,"column":6},"end":{"line":41,"column":41}},"type":"binary-expr","locations":[{"start":{"line":41,"column":6},"end":{"line":41,"column":15}},{"start":{"line":41,"column":15},"end":{"line":41,"column":41}}],"line":41},"4":{"loc":{"start":{"line":44,"column":2},"end":{"line":46,"column":null}},"type":"if","locations":[{"start":{"line":44,"column":2},"end":{"line":46,"column":null}},{"start":{},"end":{}}],"line":44}},"s":{"0":3,"1":16,"2":16,"3":6,"4":6,"5":1,"6":5,"7":1,"8":0},"f":{"0":16,"1":16,"2":6,"3":0},"b":{"0":[6,10],"1":[6],"2":[1,5],"3":[6,5],"4":[1,4]},"meta":{"lastBranch":5,"lastFunction":4,"lastStatement":9,"seen":{"s:11:2:11:Infinity":0,"f:18:16:18:28":0,"s:19:2:19:Infinity":1,"f:28:16:28:29":1,"b:29:2:31:Infinity:undefined:undefined:undefined:undefined":0,"s:29:2:31:Infinity":2,"s:30:4:30:Infinity":3,"f:40:16:40:34":2,"b:40:60:40:70":1,"b:41:2:43:Infinity:undefined:undefined:undefined:undefined":2,"s:41:2:43:Infinity":4,"b:41:6:41:15:41:15:41:41":3,"s:42:4:42:Infinity":5,"b:44:2:46:Infinity:undefined:undefined:undefined:undefined":4,"s:44:2:46:Infinity":6,"s:45:4:45:Infinity":7,"f:53:16:53:29":3,"s:54:2:59:Infinity":8}}}
,"/Users/peteargent/apps/000_fe_new/edgetrust/src/lib/db/queries.ts": {"path":"/Users/peteargent/apps/000_fe_new/edgetrust/src/lib/db/queries.ts","statementMap":{"0":{"start":{"line":27,"column":17},"end":{"line":27,"column":null}},"1":{"start":{"line":32,"column":2},"end":{"line":32,"column":null}},"2":{"start":{"line":39,"column":17},"end":{"line":40,"column":null}},"3":{"start":{"line":42,"column":16},"end":{"line":42,"column":null}},"4":{"start":{"line":43,"column":2},"end":{"line":43,"column":null}},"5":{"start":{"line":54,"column":17},"end":{"line":55,"column":null}},"6":{"start":{"line":57,"column":17},"end":{"line":57,"column":null}},"7":{"start":{"line":58,"column":2},"end":{"line":58,"column":null}},"8":{"start":{"line":65,"column":17},"end":{"line":66,"column":null}},"9":{"start":{"line":68,"column":17},"end":{"line":68,"column":null}},"10":{"start":{"line":69,"column":2},"end":{"line":69,"column":null}},"11":{"start":{"line":78,"column":17},"end":{"line":79,"column":null}},"12":{"start":{"line":81,"column":17},"end":{"line":81,"column":null}},"13":{"start":{"line":82,"column":2},"end":{"line":82,"column":null}},"14":{"start":{"line":94,"column":22},"end":{"line":94,"column":null}},"15":{"start":{"line":97,"column":17},"end":{"line":97,"column":null}},"16":{"start":{"line":98,"column":21},"end":{"line":98,"column":null}},"17":{"start":{"line":99,"column":19},"end":{"line":99,"column":null}},"18":{"start":{"line":101,"column":17},"end":{"line":103,"column":null}},"19":{"start":{"line":107,"column":2},"end":{"line":107,"column":null}},"20":{"start":{"line":121,"column":16},"end":{"line":136,"column":null}},"21":{"start":{"line":150,"column":17},"end":{"line":150,"column":null}},"22":{"start":{"line":171,"column":18},"end":{"line":171,"column":null}},"23":{"start":{"line":173,"column":2},"end":{"line":205,"column":null}},"24":{"start":{"line":174,"column":4},"end":{"line":195,"column":null}},"25":{"start":{"line":175,"column":6},"end":{"line":194,"column":null}},"26":{"start":{"line":197,"column":17},"end":{"line":197,"column":null}},"27":{"start":{"line":198,"column":4},"end":{"line":204,"column":null}},"28":{"start":{"line":199,"column":6},"end":{"line":202,"column":null}},"29":{"start":{"line":203,"column":6},"end":{"line":203,"column":null}},"30":{"start":{"line":208,"column":18},"end":{"line":208,"column":null}},"31":{"start":{"line":209,"column":2},"end":{"line":223,"column":null}},"32":{"start":{"line":210,"column":28},"end":{"line":213,"column":null}},"33":{"start":{"line":217,"column":4},"end":{"line":222,"column":null}},"34":{"start":{"line":218,"column":19},"end":{"line":218,"column":null}},"35":{"start":{"line":219,"column":6},"end":{"line":221,"column":null}},"36":{"start":{"line":220,"column":8},"end":{"line":220,"column":null}},"37":{"start":{"line":225,"column":2},"end":{"line":225,"column":null}},"38":{"start":{"line":234,"column":21},"end":{"line":235,"column":null}},"39":{"start":{"line":237,"column":15},"end":{"line":237,"column":null}},"40":{"start":{"line":239,"column":2},"end":{"line":239,"column":null}},"41":{"start":{"line":239,"column":13},"end":{"line":239,"column":null}},"42":{"start":{"line":241,"column":22},"end":{"line":242,"column":null}},"43":{"start":{"line":244,"column":16},"end":{"line":244,"column":null}},"44":{"start":{"line":246,"column":22},"end":{"line":250,"column":null}},"45":{"start":{"line":253,"column":22},"end":{"line":254,"column":null}},"46":{"start":{"line":256,"column":17},"end":{"line":256,"column":null}},"47":{"start":{"line":258,"column":22},"end":{"line":258,"column":null}},"48":{"start":{"line":258,"column":54},"end":{"line":258,"column":72}},"49":{"start":{"line":260,"column":2},"end":{"line":266,"column":null}},"50":{"start":{"line":279,"column":17},"end":{"line":294,"column":null}},"51":{"start":{"line":297,"column":2},"end":{"line":297,"column":null}},"52":{"start":{"line":312,"column":17},"end":{"line":315,"column":null}},"53":{"start":{"line":318,"column":2},"end":{"line":318,"column":null}},"54":{"start":{"line":331,"column":17},"end":{"line":332,"column":null}},"55":{"start":{"line":334,"column":16},"end":{"line":334,"column":null}},"56":{"start":{"line":335,"column":2},"end":{"line":335,"column":null}},"57":{"start":{"line":345,"column":17},"end":{"line":348,"column":null}},"58":{"start":{"line":351,"column":14},"end":{"line":351,"column":null}},"59":{"start":{"line":352,"column":2},"end":{"line":352,"column":null}},"60":{"start":{"line":366,"column":22},"end":{"line":373,"column":null}},"61":{"start":{"line":378,"column":44},"end":{"line":378,"column":null}},"62":{"start":{"line":379,"column":14},"end":{"line":379,"column":null}},"63":{"start":{"line":381,"column":2},"end":{"line":385,"column":null}},"64":{"start":{"line":382,"column":16},"end":{"line":382,"column":null}},"65":{"start":{"line":383,"column":4},"end":{"line":383,"column":null}},"66":{"start":{"line":384,"column":4},"end":{"line":384,"column":null}},"67":{"start":{"line":387,"column":2},"end":{"line":387,"column":null}},"68":{"start":{"line":394,"column":2},"end":{"line":394,"column":null}},"69":{"start":{"line":394,"column":26},"end":{"line":394,"column":null}},"70":{"start":{"line":395,"column":2},"end":{"line":395,"column":null}},"71":{"start":{"line":395,"column":25},"end":{"line":395,"column":null}},"72":{"start":{"line":396,"column":2},"end":{"line":396,"column":null}},"73":{"start":{"line":396,"column":25},"end":{"line":396,"column":null}},"74":{"start":{"line":397,"column":2},"end":{"line":397,"column":null}},"75":{"start":{"line":411,"column":17},"end":{"line":415,"column":null}},"76":{"start":{"line":421,"column":44},"end":{"line":421,"column":null}},"77":{"start":{"line":422,"column":14},"end":{"line":422,"column":null}},"78":{"start":{"line":424,"column":2},"end":{"line":436,"column":null}},"79":{"start":{"line":425,"column":4},"end":{"line":425,"column":null}},"80":{"start":{"line":425,"column":25},"end":{"line":425,"column":null}},"81":{"start":{"line":426,"column":4},"end":{"line":435,"column":null}},"82":{"start":{"line":427,"column":19},"end":{"line":427,"column":null}},"83":{"start":{"line":428,"column":6},"end":{"line":431,"column":null}},"84":{"start":{"line":429,"column":8},"end":{"line":429,"column":null}},"85":{"start":{"line":430,"column":8},"end":{"line":430,"column":null}},"86":{"start":{"line":433,"column":6},"end":{"line":433,"column":null}},"87":{"start":{"line":434,"column":6},"end":{"line":434,"column":null}},"88":{"start":{"line":438,"column":2},"end":{"line":438,"column":null}},"89":{"start":{"line":446,"column":17},"end":{"line":466,"column":null}},"90":{"start":{"line":469,"column":2},"end":{"line":469,"column":null}},"91":{"start":{"line":497,"column":46},"end":{"line":497,"column":null}},"92":{"start":{"line":498,"column":8},"end":{"line":498,"column":null}},"93":{"start":{"line":501,"column":22},"end":{"line":501,"column":null}},"94":{"start":{"line":503,"column":2},"end":{"line":506,"column":null}},"95":{"start":{"line":504,"column":20},"end":{"line":504,"column":null}},"96":{"start":{"line":505,"column":4},"end":{"line":505,"column":null}},"97":{"start":{"line":509,"column":22},"end":{"line":513,"column":null}},"98":{"start":{"line":515,"column":16},"end":{"line":515,"column":null}},"99":{"start":{"line":518,"column":17},"end":{"line":524,"column":null}},"100":{"start":{"line":527,"column":2},"end":{"line":531,"column":null}}},"fnMap":{"0":{"name":"getActiveMissions","decl":{"start":{"line":26,"column":22},"end":{"line":26,"column":60}},"loc":{"start":{"line":26,"column":60},"end":{"line":33,"column":null}},"line":26},"1":{"name":"getGroupById","decl":{"start":{"line":38,"column":22},"end":{"line":38,"column":35}},"loc":{"start":{"line":38,"column":70},"end":{"line":44,"column":null}},"line":38},"2":{"name":"getMemberByEmail","decl":{"start":{"line":53,"column":22},"end":{"line":53,"column":39}},"loc":{"start":{"line":53,"column":78},"end":{"line":59,"column":null}},"line":53},"3":{"name":"getMemberById","decl":{"start":{"line":64,"column":22},"end":{"line":64,"column":36}},"loc":{"start":{"line":64,"column":72},"end":{"line":70,"column":null}},"line":64},"4":{"name":"getMemberByMemberId","decl":{"start":{"line":75,"column":22},"end":{"line":75,"column":null}},"loc":{"start":{"line":77,"column":26},"end":{"line":83,"column":null}},"line":77},"5":{"name":"createMember","decl":{"start":{"line":89,"column":22},"end":{"line":89,"column":35}},"loc":{"start":{"line":92,"column":20},"end":{"line":108,"column":null}},"line":92},"6":{"name":"getOpenTasks","decl":{"start":{"line":118,"column":22},"end":{"line":118,"column":null}},"loc":{"start":{"line":120,"column":33},"end":{"line":226,"column":null}},"line":120},"7":{"name":"getTaskById","decl":{"start":{"line":231,"column":22},"end":{"line":231,"column":null}},"loc":{"start":{"line":233,"column":38},"end":{"line":267,"column":null}},"line":233},"8":{"name":"(anonymous_8)","decl":{"start":{"line":258,"column":40},"end":{"line":258,"column":41}},"loc":{"start":{"line":258,"column":54},"end":{"line":258,"column":72}},"line":258},"9":{"name":"getClaimsByMember","decl":{"start":{"line":276,"column":22},"end":{"line":276,"column":null}},"loc":{"start":{"line":278,"column":28},"end":{"line":298,"column":null}},"line":278},"10":{"name":"getTaskCriteria","decl":{"start":{"line":303,"column":22},"end":{"line":303,"column":38}},"loc":{"start":{"line":311,"column":2},"end":{"line":325,"column":null}},"line":311},"11":{"name":"getClaimById","decl":{"start":{"line":330,"column":22},"end":{"line":330,"column":35}},"loc":{"start":{"line":330,"column":70},"end":{"line":336,"column":null}},"line":330},"12":{"name":"hasClaimedTask","decl":{"start":{"line":341,"column":22},"end":{"line":341,"column":null}},"loc":{"start":{"line":344,"column":20},"end":{"line":353,"column":null}},"line":344},"13":{"name":"getApprovedPointsByMember","decl":{"start":{"line":363,"column":22},"end":{"line":363,"column":null}},"loc":{"start":{"line":365,"column":66},"end":{"line":388,"column":null}},"line":365},"14":{"name":"getMemberRank","decl":{"start":{"line":393,"column":16},"end":{"line":393,"column":30}},"loc":{"start":{"line":393,"column":58},"end":{"line":398,"column":null}},"line":393},"15":{"name":"getDimensionBreakdown","decl":{"start":{"line":408,"column":22},"end":{"line":408,"column":null}},"loc":{"start":{"line":410,"column":66},"end":{"line":439,"column":null}},"line":410},"16":{"name":"getRecentClaims","decl":{"start":{"line":445,"column":22},"end":{"line":445,"column":38}},"loc":{"start":{"line":445,"column":75},"end":{"line":479,"column":null}},"line":445},"17":{"name":"getMemberEvents","decl":{"start":{"line":489,"column":22},"end":{"line":489,"column":null}},"loc":{"start":{"line":496,"column":60},"end":{"line":532,"column":null}},"line":496}},"branchMap":{"0":{"loc":{"start":{"line":43,"column":9},"end":{"line":43,"column":null}},"type":"binary-expr","locations":[{"start":{"line":43,"column":9},"end":{"line":43,"column":18}},{"start":{"line":43,"column":18},"end":{"line":43,"column":null}}],"line":43},"1":{"loc":{"start":{"line":58,"column":9},"end":{"line":58,"column":null}},"type":"binary-expr","locations":[{"start":{"line":58,"column":9},"end":{"line":58,"column":19}},{"start":{"line":58,"column":19},"end":{"line":58,"column":null}}],"line":58},"2":{"loc":{"start":{"line":69,"column":9},"end":{"line":69,"column":null}},"type":"binary-expr","locations":[{"start":{"line":69,"column":9},"end":{"line":69,"column":19}},{"start":{"line":69,"column":19},"end":{"line":69,"column":null}}],"line":69},"3":{"loc":{"start":{"line":82,"column":9},"end":{"line":82,"column":null}},"type":"binary-expr","locations":[{"start":{"line":82,"column":9},"end":{"line":82,"column":19}},{"start":{"line":82,"column":19},"end":{"line":82,"column":null}}],"line":82},"4":{"loc":{"start":{"line":103,"column":42},"end":{"line":103,"column":66}},"type":"binary-expr","locations":[{"start":{"line":103,"column":42},"end":{"line":103,"column":62}},{"start":{"line":103,"column":62},"end":{"line":103,"column":66}}],"line":103},"5":{"loc":{"start":{"line":121,"column":16},"end":{"line":136,"column":null}},"type":"cond-expr","locations":[{"start":{"line":122,"column":6},"end":{"line":133,"column":null}},{"start":{"line":136,"column":6},"end":{"line":136,"column":null}}],"line":121},"6":{"loc":{"start":{"line":174,"column":4},"end":{"line":195,"column":null}},"type":"if","locations":[{"start":{"line":174,"column":4},"end":{"line":195,"column":null}},{"start":{},"end":{}}],"line":174},"7":{"loc":{"start":{"line":198,"column":4},"end":{"line":204,"column":null}},"type":"if","locations":[{"start":{"line":198,"column":4},"end":{"line":204,"column":null}},{"start":{},"end":{}}],"line":198},"8":{"loc":{"start":{"line":209,"column":2},"end":{"line":223,"column":null}},"type":"if","locations":[{"start":{"line":209,"column":2},"end":{"line":223,"column":null}},{"start":{},"end":{}}],"line":209},"9":{"loc":{"start":{"line":219,"column":6},"end":{"line":221,"column":null}},"type":"if","locations":[{"start":{"line":219,"column":6},"end":{"line":221,"column":null}},{"start":{},"end":{}}],"line":219},"10":{"loc":{"start":{"line":239,"column":2},"end":{"line":239,"column":null}},"type":"if","locations":[{"start":{"line":239,"column":2},"end":{"line":239,"column":null}},{"start":{},"end":{}}],"line":239},"11":{"loc":{"start":{"line":262,"column":16},"end":{"line":262,"column":null}},"type":"binary-expr","locations":[{"start":{"line":262,"column":16},"end":{"line":262,"column":31}},{"start":{"line":262,"column":31},"end":{"line":262,"column":null}}],"line":262},"12":{"loc":{"start":{"line":335,"column":9},"end":{"line":335,"column":null}},"type":"binary-expr","locations":[{"start":{"line":335,"column":9},"end":{"line":335,"column":18}},{"start":{"line":335,"column":18},"end":{"line":335,"column":null}}],"line":335},"13":{"loc":{"start":{"line":394,"column":2},"end":{"line":394,"column":null}},"type":"if","locations":[{"start":{"line":394,"column":2},"end":{"line":394,"column":null}},{"start":{},"end":{}}],"line":394},"14":{"loc":{"start":{"line":395,"column":2},"end":{"line":395,"column":null}},"type":"if","locations":[{"start":{"line":395,"column":2},"end":{"line":395,"column":null}},{"start":{},"end":{}}],"line":395},"15":{"loc":{"start":{"line":396,"column":2},"end":{"line":396,"column":null}},"type":"if","locations":[{"start":{"line":396,"column":2},"end":{"line":396,"column":null}},{"start":{},"end":{}}],"line":396},"16":{"loc":{"start":{"line":425,"column":4},"end":{"line":425,"column":null}},"type":"if","locations":[{"start":{"line":425,"column":4},"end":{"line":425,"column":null}},{"start":{},"end":{}}],"line":425},"17":{"loc":{"start":{"line":429,"column":26},"end":{"line":429,"column":50}},"type":"binary-expr","locations":[{"start":{"line":429,"column":26},"end":{"line":429,"column":44}},{"start":{"line":429,"column":44},"end":{"line":429,"column":50}}],"line":429},"18":{"loc":{"start":{"line":445,"column":56},"end":{"line":445,"column":75}},"type":"default-arg","locations":[{"start":{"line":445,"column":72},"end":{"line":445,"column":75}}],"line":445},"19":{"loc":{"start":{"line":491,"column":2},"end":{"line":495,"column":null}},"type":"default-arg","locations":[{"start":{"line":495,"column":6},"end":{"line":495,"column":null}}],"line":491},"20":{"loc":{"start":{"line":497,"column":21},"end":{"line":497,"column":31}},"type":"default-arg","locations":[{"start":{"line":497,"column":28},"end":{"line":497,"column":31}}],"line":497},"21":{"loc":{"start":{"line":497,"column":31},"end":{"line":497,"column":42}},"type":"default-arg","locations":[{"start":{"line":497,"column":39},"end":{"line":497,"column":42}}],"line":497},"22":{"loc":{"start":{"line":503,"column":2},"end":{"line":506,"column":null}},"type":"if","locations":[{"start":{"line":503,"column":2},"end":{"line":506,"column":null}},{"start":{},"end":{}}],"line":503},"23":{"loc":{"start":{"line":503,"column":6},"end":{"line":503,"column":40}},"type":"binary-expr","locations":[{"start":{"line":503,"column":6},"end":{"line":503,"column":19}},{"start":{"line":503,"column":19},"end":{"line":503,"column":40}}],"line":503}},"s":{"0":0,"1":0,"2":0,"3":0,"4":0,"5":0,"6":0,"7":0,"8":0,"9":0,"10":0,"11":0,"12":0,"13":0,"14":0,"15":0,"16":0,"17":0,"18":0,"19":0,"20":0,"21":0,"22":0,"23":0,"24":0,"25":0,"26":0,"27":0,"28":0,"29":0,"30":0,"31":0,"32":0,"33":0,"34":0,"35":0,"36":0,"37":0,"38":0,"39":0,"40":0,"41":0,"42":0,"43":0,"44":0,"45":0,"46":0,"47":0,"48":0,"49":0,"50":0,"51":0,"52":0,"53":0,"54":0,"55":0,"56":0,"57":0,"58":0,"59":0,"60":0,"61":0,"62":0,"63":0,"64":0,"65":0,"66":0,"67":0,"68":0,"69":0,"70":0,"71":0,"72":0,"73":0,"74":0,"75":0,"76":0,"77":0,"78":0,"79":0,"80":0,"81":0,"82":0,"83":0,"84":0,"85":0,"86":0,"87":0,"88":0,"89":0,"90":0,"91":0,"92":0,"93":0,"94":0,"95":0,"96":0,"97":0,"98":0,"99":0,"100":0},"f":{"0":0,"1":0,"2":0,"3":0,"4":0,"5":0,"6":0,"7":0,"8":0,"9":0,"10":0,"11":0,"12":0,"13":0,"14":0,"15":0,"16":0,"17":0},"b":{"0":[0,0],"1":[0,0],"2":[0,0],"3":[0,0],"4":[0,0],"5":[0,0],"6":[0,0],"7":[0,0],"8":[0,0],"9":[0,0],"10":[0,0],"11":[0,0],"12":[0,0],"13":[0,0],"14":[0,0],"15":[0,0],"16":[0,0],"17":[0,0],"18":[0],"19":[0],"20":[0],"21":[0],"22":[0,0],"23":[0,0]},"meta":{"lastBranch":24,"lastFunction":18,"lastStatement":101,"seen":{"f:26:22:26:60":0,"s:27:17:27:Infinity":0,"s:32:2:32:Infinity":1,"f:38:22:38:35":1,"s:39:17:40:Infinity":2,"s:42:16:42:Infinity":3,"s:43:2:43:Infinity":4,"b:43:9:43:18:43:18:43:Infinity":0,"f:53:22:53:39":2,"s:54:17:55:Infinity":5,"s:57:17:57:Infinity":6,"s:58:2:58:Infinity":7,"b:58:9:58:19:58:19:58:Infinity":1,"f:64:22:64:36":3,"s:65:17:66:Infinity":8,"s:68:17:68:Infinity":9,"s:69:2:69:Infinity":10,"b:69:9:69:19:69:19:69:Infinity":2,"f:75:22:75:Infinity":4,"s:78:17:79:Infinity":11,"s:81:17:81:Infinity":12,"s:82:2:82:Infinity":13,"b:82:9:82:19:82:19:82:Infinity":3,"f:89:22:89:35":5,"s:94:22:94:Infinity":14,"s:97:17:97:Infinity":15,"s:98:21:98:Infinity":16,"s:99:19:99:Infinity":17,"s:101:17:103:Infinity":18,"b:103:42:103:62:103:62:103:66":4,"s:107:2:107:Infinity":19,"f:118:22:118:Infinity":6,"s:121:16:136:Infinity":20,"b:122:6:133:Infinity:136:6:136:Infinity":5,"s:150:17:150:Infinity":21,"s:171:18:171:Infinity":22,"s:173:2:205:Infinity":23,"b:174:4:195:Infinity:undefined:undefined:undefined:undefined":6,"s:174:4:195:Infinity":24,"s:175:6:194:Infinity":25,"s:197:17:197:Infinity":26,"b:198:4:204:Infinity:undefined:undefined:undefined:undefined":7,"s:198:4:204:Infinity":27,"s:199:6:202:Infinity":28,"s:203:6:203:Infinity":29,"s:208:18:208:Infinity":30,"b:209:2:223:Infinity:undefined:undefined:undefined:undefined":8,"s:209:2:223:Infinity":31,"s:210:28:213:Infinity":32,"s:217:4:222:Infinity":33,"s:218:19:218:Infinity":34,"b:219:6:221:Infinity:undefined:undefined:undefined:undefined":9,"s:219:6:221:Infinity":35,"s:220:8:220:Infinity":36,"s:225:2:225:Infinity":37,"f:231:22:231:Infinity":7,"s:234:21:235:Infinity":38,"s:237:15:237:Infinity":39,"b:239:2:239:Infinity:undefined:undefined:undefined:undefined":10,"s:239:2:239:Infinity":40,"s:239:13:239:Infinity":41,"s:241:22:242:Infinity":42,"s:244:16:244:Infinity":43,"s:246:22:250:Infinity":44,"s:253:22:254:Infinity":45,"s:256:17:256:Infinity":46,"s:258:22:258:Infinity":47,"f:258:40:258:41":8,"s:258:54:258:72":48,"s:260:2:266:Infinity":49,"b:262:16:262:31:262:31:262:Infinity":11,"f:276:22:276:Infinity":9,"s:279:17:294:Infinity":50,"s:297:2:297:Infinity":51,"f:303:22:303:38":10,"s:312:17:315:Infinity":52,"s:318:2:318:Infinity":53,"f:330:22:330:35":11,"s:331:17:332:Infinity":54,"s:334:16:334:Infinity":55,"s:335:2:335:Infinity":56,"b:335:9:335:18:335:18:335:Infinity":12,"f:341:22:341:Infinity":12,"s:345:17:348:Infinity":57,"s:351:14:351:Infinity":58,"s:352:2:352:Infinity":59,"f:363:22:363:Infinity":13,"s:366:22:373:Infinity":60,"s:378:44:378:Infinity":61,"s:379:14:379:Infinity":62,"s:381:2:385:Infinity":63,"s:382:16:382:Infinity":64,"s:383:4:383:Infinity":65,"s:384:4:384:Infinity":66,"s:387:2:387:Infinity":67,"f:393:16:393:30":14,"b:394:2:394:Infinity:undefined:undefined:undefined:undefined":13,"s:394:2:394:Infinity":68,"s:394:26:394:Infinity":69,"b:395:2:395:Infinity:undefined:undefined:undefined:undefined":14,"s:395:2:395:Infinity":70,"s:395:25:395:Infinity":71,"b:396:2:396:Infinity:undefined:undefined:undefined:undefined":15,"s:396:2:396:Infinity":72,"s:396:25:396:Infinity":73,"s:397:2:397:Infinity":74,"f:408:22:408:Infinity":15,"s:411:17:415:Infinity":75,"s:421:44:421:Infinity":76,"s:422:14:422:Infinity":77,"s:424:2:436:Infinity":78,"b:425:4:425:Infinity:undefined:undefined:undefined:undefined":16,"s:425:4:425:Infinity":79,"s:425:25:425:Infinity":80,"s:426:4:435:Infinity":81,"s:427:19:427:Infinity":82,"s:428:6:431:Infinity":83,"s:429:8:429:Infinity":84,"b:429:26:429:44:429:44:429:50":17,"s:430:8:430:Infinity":85,"s:433:6:433:Infinity":86,"s:434:6:434:Infinity":87,"s:438:2:438:Infinity":88,"f:445:22:445:38":16,"b:445:72:445:75":18,"s:446:17:466:Infinity":89,"s:469:2:469:Infinity":90,"f:489:22:489:Infinity":17,"b:495:6:495:Infinity":19,"s:497:46:497:Infinity":91,"b:497:28:497:31":20,"b:497:39:497:42":21,"s:498:8:498:Infinity":92,"s:501:22:501:Infinity":93,"b:503:2:506:Infinity:undefined:undefined:undefined:undefined":22,"s:503:2:506:Infinity":94,"b:503:6:503:19:503:19:503:40":23,"s:504:20:504:Infinity":95,"s:505:4:505:Infinity":96,"s:509:22:513:Infinity":97,"s:515:16:515:Infinity":98,"s:518:17:524:Infinity":99,"s:527:2:531:Infinity":100}}}
,"/Users/peteargent/apps/000_fe_new/edgetrust/src/lib/events/logger.ts": {"path":"/Users/peteargent/apps/000_fe_new/edgetrust/src/lib/events/logger.ts","statementMap":{"0":{"start":{"line":45,"column":2},"end":{"line":47,"column":null}},"1":{"start":{"line":71,"column":2},"end":{"line":82,"column":null}},"2":{"start":{"line":72,"column":4},"end":{"line":81,"column":null}}},"fnMap":{"0":{"name":"logEvent","decl":{"start":{"line":37,"column":22},"end":{"line":37,"column":31}},"loc":{"start":{"line":44,"column":34},"end":{"line":49,"column":null}},"line":44},"1":{"name":"logEventBatch","decl":{"start":{"line":67,"column":22},"end":{"line":67,"column":null}},"loc":{"start":{"line":70,"column":17},"end":{"line":83,"column":null}},"line":70}},"branchMap":{"0":{"loc":{"start":{"line":43,"column":2},"end":{"line":43,"column":null}},"type":"default-arg","locations":[{"start":{"line":43,"column":13},"end":{"line":43,"column":null}}],"line":43},"1":{"loc":{"start":{"line":79,"column":23},"end":{"line":79,"column":43}},"type":"binary-expr","locations":[{"start":{"line":79,"column":23},"end":{"line":79,"column":41}},{"start":{"line":79,"column":41},"end":{"line":79,"column":43}}],"line":79}},"s":{"0":0,"1":0,"2":0},"f":{"0":0,"1":0},"b":{"0":[0],"1":[0,0]},"meta":{"lastBranch":2,"lastFunction":2,"lastStatement":3,"seen":{"f:37:22:37:31":0,"b:43:13:43:Infinity":0,"s:45:2:47:Infinity":0,"f:67:22:67:Infinity":1,"s:71:2:82:Infinity":1,"s:72:4:81:Infinity":2,"b:79:23:79:41:79:41:79:43":1}}}
,"/Users/peteargent/apps/000_fe_new/edgetrust/src/pages/api/trust-builder/claims.ts": {"path":"/Users/peteargent/apps/000_fe_new/edgetrust/src/pages/api/trust-builder/claims.ts","statementMap":{"0":{"start":{"line":21,"column":30},"end":{"line":182,"column":null}},"1":{"start":{"line":22,"column":2},"end":{"line":181,"column":null}},"2":{"start":{"line":24,"column":17},"end":{"line":24,"column":null}},"3":{"start":{"line":25,"column":4},"end":{"line":33,"column":null}},"4":{"start":{"line":26,"column":6},"end":{"line":32,"column":null}},"5":{"start":{"line":37,"column":4},"end":{"line":47,"column":null}},"6":{"start":{"line":38,"column":6},"end":{"line":38,"column":null}},"7":{"start":{"line":40,"column":6},"end":{"line":46,"column":null}},"8":{"start":{"line":49,"column":32},"end":{"line":49,"column":null}},"9":{"start":{"line":52,"column":4},"end":{"line":60,"column":null}},"10":{"start":{"line":53,"column":6},"end":{"line":59,"column":null}},"11":{"start":{"line":63,"column":4},"end":{"line":74,"column":null}},"12":{"start":{"line":64,"column":6},"end":{"line":64,"column":null}},"13":{"start":{"line":66,"column":6},"end":{"line":73,"column":null}},"14":{"start":{"line":77,"column":18},"end":{"line":77,"column":null}},"15":{"start":{"line":80,"column":4},"end":{"line":153,"column":null}},"16":{"start":{"line":81,"column":6},"end":{"line":83,"column":null}},"17":{"start":{"line":82,"column":8},"end":{"line":82,"column":null}},"18":{"start":{"line":87,"column":8},"end":{"line":87,"column":null}},"19":{"start":{"line":89,"column":76},"end":{"line":114,"column":null}},"20":{"start":{"line":117,"column":6},"end":{"line":127,"column":null}},"21":{"start":{"line":118,"column":8},"end":{"line":126,"column":null}},"22":{"start":{"line":119,"column":10},"end":{"line":125,"column":null}},"23":{"start":{"line":130,"column":6},"end":{"line":142,"column":null}},"24":{"start":{"line":135,"column":8},"end":{"line":141,"column":null}},"25":{"start":{"line":145,"column":6},"end":{"line":145,"column":null}},"26":{"start":{"line":146,"column":6},"end":{"line":152,"column":null}},"27":{"start":{"line":156,"column":25},"end":{"line":166,"column":null}},"28":{"start":{"line":168,"column":4},"end":{"line":171,"column":null}},"29":{"start":{"line":173,"column":4},"end":{"line":173,"column":null}},"30":{"start":{"line":174,"column":4},"end":{"line":180,"column":null}},"31":{"start":{"line":188,"column":29},"end":{"line":219,"column":null}},"32":{"start":{"line":189,"column":2},"end":{"line":218,"column":null}},"33":{"start":{"line":191,"column":17},"end":{"line":191,"column":null}},"34":{"start":{"line":192,"column":4},"end":{"line":200,"column":null}},"35":{"start":{"line":193,"column":6},"end":{"line":199,"column":null}},"36":{"start":{"line":203,"column":19},"end":{"line":203,"column":null}},"37":{"start":{"line":205,"column":4},"end":{"line":208,"column":null}},"38":{"start":{"line":210,"column":4},"end":{"line":210,"column":null}},"39":{"start":{"line":211,"column":4},"end":{"line":217,"column":null}}},"fnMap":{"0":{"name":"(anonymous_0)","decl":{"start":{"line":21,"column":30},"end":{"line":21,"column":37}},"loc":{"start":{"line":21,"column":53},"end":{"line":182,"column":null}},"line":21},"1":{"name":"(anonymous_1)","decl":{"start":{"line":81,"column":44},"end":{"line":81,"column":51}},"loc":{"start":{"line":81,"column":62},"end":{"line":83,"column":7}},"line":81},"2":{"name":"(anonymous_2)","decl":{"start":{"line":188,"column":29},"end":{"line":188,"column":36}},"loc":{"start":{"line":188,"column":52},"end":{"line":219,"column":null}},"line":188}},"branchMap":{"0":{"loc":{"start":{"line":25,"column":4},"end":{"line":33,"column":null}},"type":"if","locations":[{"start":{"line":25,"column":4},"end":{"line":33,"column":null}},{"start":{},"end":{}}],"line":25},"1":{"loc":{"start":{"line":52,"column":4},"end":{"line":60,"column":null}},"type":"if","locations":[{"start":{"line":52,"column":4},"end":{"line":60,"column":null}},{"start":{},"end":{}}],"line":52},"2":{"loc":{"start":{"line":52,"column":8},"end":{"line":52,"column":55}},"type":"binary-expr","locations":[{"start":{"line":52,"column":8},"end":{"line":52,"column":20}},{"start":{"line":52,"column":20},"end":{"line":52,"column":31}},{"start":{"line":52,"column":31},"end":{"line":52,"column":55}}],"line":52},"3":{"loc":{"start":{"line":70,"column":12},"end":{"line":70,"column":null}},"type":"cond-expr","locations":[{"start":{"line":70,"column":37},"end":{"line":70,"column":53}},{"start":{"line":70,"column":53},"end":{"line":70,"column":null}}],"line":70},"4":{"loc":{"start":{"line":87,"column":8},"end":{"line":87,"column":null}},"type":"cond-expr","locations":[{"start":{"line":87,"column":33},"end":{"line":87,"column":49}},{"start":{"line":87,"column":49},"end":{"line":87,"column":null}}],"line":87},"5":{"loc":{"start":{"line":118,"column":8},"end":{"line":126,"column":null}},"type":"if","locations":[{"start":{"line":118,"column":8},"end":{"line":126,"column":null}},{"start":{},"end":{}}],"line":118},"6":{"loc":{"start":{"line":130,"column":6},"end":{"line":142,"column":null}},"type":"if","locations":[{"start":{"line":130,"column":6},"end":{"line":142,"column":null}},{"start":{},"end":{}}],"line":130},"7":{"loc":{"start":{"line":131,"column":8},"end":{"line":133,"column":null}},"type":"binary-expr","locations":[{"start":{"line":131,"column":8},"end":{"line":131,"column":null}},{"start":{"line":132,"column":8},"end":{"line":132,"column":null}},{"start":{"line":133,"column":8},"end":{"line":133,"column":null}}],"line":131},"8":{"loc":{"start":{"line":160,"column":10},"end":{"line":162,"column":null}},"type":"binary-expr","locations":[{"start":{"line":160,"column":10},"end":{"line":160,"column":47}},{"start":{"line":160,"column":47},"end":{"line":162,"column":null}}],"line":160},"9":{"loc":{"start":{"line":163,"column":10},"end":{"line":165,"column":null}},"type":"binary-expr","locations":[{"start":{"line":163,"column":10},"end":{"line":163,"column":48}},{"start":{"line":163,"column":48},"end":{"line":165,"column":null}}],"line":163},"10":{"loc":{"start":{"line":192,"column":4},"end":{"line":200,"column":null}},"type":"if","locations":[{"start":{"line":192,"column":4},"end":{"line":200,"column":null}},{"start":{},"end":{}}],"line":192}},"s":{"0":1,"1":13,"2":13,"3":13,"4":1,"5":12,"6":12,"7":1,"8":11,"9":11,"10":3,"11":8,"12":8,"13":1,"14":7,"15":13,"16":13,"17":7,"18":4,"19":4,"20":4,"21":10,"22":4,"23":0,"24":0,"25":0,"26":0,"27":3,"28":13,"29":0,"30":0,"31":1,"32":0,"33":0,"34":0,"35":0,"36":0,"37":0,"38":0,"39":0},"f":{"0":13,"1":7,"2":0},"b":{"0":[1,12],"1":[3,8],"2":[11,10,9],"3":[1,0],"4":[4,0],"5":[4,6],"6":[0,0],"7":[0,0,0],"8":[3,1],"9":[13,1],"10":[0,0]},"meta":{"lastBranch":11,"lastFunction":3,"lastStatement":40,"seen":{"s:21:30:182:Infinity":0,"f:21:30:21:37":0,"s:22:2:181:Infinity":1,"s:24:17:24:Infinity":2,"b:25:4:33:Infinity:undefined:undefined:undefined:undefined":0,"s:25:4:33:Infinity":3,"s:26:6:32:Infinity":4,"s:37:4:47:Infinity":5,"s:38:6:38:Infinity":6,"s:40:6:46:Infinity":7,"s:49:32:49:Infinity":8,"b:52:4:60:Infinity:undefined:undefined:undefined:undefined":1,"s:52:4:60:Infinity":9,"b:52:8:52:20:52:20:52:31:52:31:52:55":2,"s:53:6:59:Infinity":10,"s:63:4:74:Infinity":11,"s:64:6:64:Infinity":12,"s:66:6:73:Infinity":13,"b:70:37:70:53:70:53:70:Infinity":3,"s:77:18:77:Infinity":14,"s:80:4:153:Infinity":15,"s:81:6:83:Infinity":16,"f:81:44:81:51":1,"s:82:8:82:Infinity":17,"s:87:8:87:Infinity":18,"b:87:33:87:49:87:49:87:Infinity":4,"s:89:76:114:Infinity":19,"s:117:6:127:Infinity":20,"b:118:8:126:Infinity:undefined:undefined:undefined:undefined":5,"s:118:8:126:Infinity":21,"s:119:10:125:Infinity":22,"b:130:6:142:Infinity:undefined:undefined:undefined:undefined":6,"s:130:6:142:Infinity":23,"b:131:8:131:Infinity:132:8:132:Infinity:133:8:133:Infinity":7,"s:135:8:141:Infinity":24,"s:145:6:145:Infinity":25,"s:146:6:152:Infinity":26,"s:156:25:166:Infinity":27,"b:160:10:160:47:160:47:162:Infinity":8,"b:163:10:163:48:163:48:165:Infinity":9,"s:168:4:171:Infinity":28,"s:173:4:173:Infinity":29,"s:174:4:180:Infinity":30,"s:188:29:219:Infinity":31,"f:188:29:188:36":2,"s:189:2:218:Infinity":32,"s:191:17:191:Infinity":33,"b:192:4:200:Infinity:undefined:undefined:undefined:undefined":10,"s:192:4:200:Infinity":34,"s:193:6:199:Infinity":35,"s:203:19:203:Infinity":36,"s:205:4:208:Infinity":37,"s:210:4:210:Infinity":38,"s:211:4:217:Infinity":39}}}
,"/Users/peteargent/apps/000_fe_new/edgetrust/src/pages/api/trust-builder/auth/verify.ts": {"path":"/Users/peteargent/apps/000_fe_new/edgetrust/src/pages/api/trust-builder/auth/verify.ts","statementMap":{"0":{"start":{"line":15,"column":30},"end":{"line":140,"column":null}},"1":{"start":{"line":16,"column":2},"end":{"line":139,"column":null}},"2":{"start":{"line":17,"column":17},"end":{"line":17,"column":null}},"3":{"start":{"line":18,"column":28},"end":{"line":18,"column":null}},"4":{"start":{"line":21,"column":4},"end":{"line":26,"column":null}},"5":{"start":{"line":22,"column":6},"end":{"line":25,"column":null}},"6":{"start":{"line":29,"column":4},"end":{"line":34,"column":null}},"7":{"start":{"line":30,"column":6},"end":{"line":33,"column":null}},"8":{"start":{"line":37,"column":18},"end":{"line":37,"column":null}},"9":{"start":{"line":38,"column":4},"end":{"line":43,"column":null}},"10":{"start":{"line":39,"column":6},"end":{"line":42,"column":null}},"11":{"start":{"line":46,"column":19},"end":{"line":102,"column":null}},"12":{"start":{"line":47,"column":30},"end":{"line":47,"column":null}},"13":{"start":{"line":50,"column":29},"end":{"line":53,"column":null}},"14":{"start":{"line":55,"column":6},"end":{"line":61,"column":null}},"15":{"start":{"line":57,"column":8},"end":{"line":60,"column":null}},"16":{"start":{"line":64,"column":26},"end":{"line":66,"column":null}},"17":{"start":{"line":67,"column":20},"end":{"line":67,"column":null}},"18":{"start":{"line":68,"column":25},"end":{"line":68,"column":null}},"19":{"start":{"line":69,"column":23},"end":{"line":69,"column":null}},"20":{"start":{"line":72,"column":27},"end":{"line":77,"column":null}},"21":{"start":{"line":79,"column":24},"end":{"line":79,"column":null}},"22":{"start":{"line":82,"column":6},"end":{"line":96,"column":null}},"23":{"start":{"line":98,"column":6},"end":{"line":101,"column":null}},"24":{"start":{"line":105,"column":10},"end":{"line":105,"column":null}},"25":{"start":{"line":108,"column":4},"end":{"line":129,"column":null}},"26":{"start":{"line":131,"column":4},"end":{"line":131,"column":null}},"27":{"start":{"line":132,"column":4},"end":{"line":138,"column":null}}},"fnMap":{"0":{"name":"(anonymous_0)","decl":{"start":{"line":15,"column":30},"end":{"line":15,"column":37}},"loc":{"start":{"line":15,"column":53},"end":{"line":140,"column":null}},"line":15},"1":{"name":"(anonymous_1)","decl":{"start":{"line":46,"column":48},"end":{"line":46,"column":55}},"loc":{"start":{"line":46,"column":66},"end":{"line":102,"column":5}},"line":46}},"branchMap":{"0":{"loc":{"start":{"line":21,"column":4},"end":{"line":26,"column":null}},"type":"if","locations":[{"start":{"line":21,"column":4},"end":{"line":26,"column":null}},{"start":{},"end":{}}],"line":21},"1":{"loc":{"start":{"line":21,"column":8},"end":{"line":21,"column":25}},"type":"binary-expr","locations":[{"start":{"line":21,"column":8},"end":{"line":21,"column":18}},{"start":{"line":21,"column":18},"end":{"line":21,"column":25}}],"line":21},"2":{"loc":{"start":{"line":29,"column":4},"end":{"line":34,"column":null}},"type":"if","locations":[{"start":{"line":29,"column":4},"end":{"line":34,"column":null}},{"start":{},"end":{}}],"line":29},"3":{"loc":{"start":{"line":38,"column":4},"end":{"line":43,"column":null}},"type":"if","locations":[{"start":{"line":38,"column":4},"end":{"line":43,"column":null}},{"start":{},"end":{}}],"line":38},"4":{"loc":{"start":{"line":55,"column":6},"end":{"line":61,"column":null}},"type":"if","locations":[{"start":{"line":55,"column":6},"end":{"line":61,"column":null}},{"start":{},"end":{}}],"line":55},"5":{"loc":{"start":{"line":111,"column":17},"end":{"line":111,"column":null}},"type":"cond-expr","locations":[{"start":{"line":111,"column":32},"end":{"line":111,"column":65}},{"start":{"line":111,"column":65},"end":{"line":111,"column":null}}],"line":111},"6":{"loc":{"start":{"line":123,"column":16},"end":{"line":123,"column":null}},"type":"cond-expr","locations":[{"start":{"line":123,"column":31},"end":{"line":123,"column":37}},{"start":{"line":123,"column":37},"end":{"line":123,"column":null}}],"line":123},"7":{"loc":{"start":{"line":135,"column":17},"end":{"line":135,"column":null}},"type":"cond-expr","locations":[{"start":{"line":135,"column":42},"end":{"line":135,"column":58}},{"start":{"line":135,"column":58},"end":{"line":135,"column":null}}],"line":135}},"s":{"0":1,"1":8,"2":8,"3":8,"4":8,"5":2,"6":6,"7":1,"8":5,"9":8,"10":0,"11":5,"12":5,"13":5,"14":5,"15":1,"16":4,"17":4,"18":4,"19":4,"20":4,"21":4,"22":4,"23":4,"24":5,"25":5,"26":0,"27":0},"f":{"0":8,"1":5},"b":{"0":[2,6],"1":[8,7],"2":[1,5],"3":[0,8],"4":[1,4],"5":[4,1],"6":[4,1],"7":[0,0]},"meta":{"lastBranch":8,"lastFunction":2,"lastStatement":28,"seen":{"s:15:30:140:Infinity":0,"f:15:30:15:37":0,"s:16:2:139:Infinity":1,"s:17:17:17:Infinity":2,"s:18:28:18:Infinity":3,"b:21:4:26:Infinity:undefined:undefined:undefined:undefined":0,"s:21:4:26:Infinity":4,"b:21:8:21:18:21:18:21:25":1,"s:22:6:25:Infinity":5,"b:29:4:34:Infinity:undefined:undefined:undefined:undefined":2,"s:29:4:34:Infinity":6,"s:30:6:33:Infinity":7,"s:37:18:37:Infinity":8,"b:38:4:43:Infinity:undefined:undefined:undefined:undefined":3,"s:38:4:43:Infinity":9,"s:39:6:42:Infinity":10,"s:46:19:102:Infinity":11,"f:46:48:46:55":1,"s:47:30:47:Infinity":12,"s:50:29:53:Infinity":13,"b:55:6:61:Infinity:undefined:undefined:undefined:undefined":4,"s:55:6:61:Infinity":14,"s:57:8:60:Infinity":15,"s:64:26:66:Infinity":16,"s:67:20:67:Infinity":17,"s:68:25:68:Infinity":18,"s:69:23:69:Infinity":19,"s:72:27:77:Infinity":20,"s:79:24:79:Infinity":21,"s:82:6:96:Infinity":22,"s:98:6:101:Infinity":23,"s:105:10:105:Infinity":24,"s:108:4:129:Infinity":25,"b:111:32:111:65:111:65:111:Infinity":5,"b:123:31:123:37:123:37:123:Infinity":6,"s:131:4:131:Infinity":26,"s:132:4:138:Infinity":27,"b:135:42:135:58:135:58:135:Infinity":7}}}
,"/Users/peteargent/apps/000_fe_new/edgetrust/src/pages/api/trust-builder/claims/[id]/review.ts": {"path":"/Users/peteargent/apps/000_fe_new/edgetrust/src/pages/api/trust-builder/claims/[id]/review.ts","statementMap":{"0":{"start":{"line":16,"column":31},"end":{"line":157,"column":null}},"1":{"start":{"line":17,"column":2},"end":{"line":156,"column":null}},"2":{"start":{"line":18,"column":24},"end":{"line":18,"column":null}},"3":{"start":{"line":19,"column":4},"end":{"line":24,"column":null}},"4":{"start":{"line":20,"column":6},"end":{"line":23,"column":null}},"5":{"start":{"line":26,"column":20},"end":{"line":26,"column":null}},"6":{"start":{"line":27,"column":4},"end":{"line":32,"column":null}},"7":{"start":{"line":28,"column":6},"end":{"line":31,"column":null}},"8":{"start":{"line":34,"column":17},"end":{"line":34,"column":null}},"9":{"start":{"line":35,"column":35},"end":{"line":35,"column":null}},"10":{"start":{"line":40,"column":4},"end":{"line":50,"column":null}},"11":{"start":{"line":41,"column":6},"end":{"line":49,"column":null}},"12":{"start":{"line":53,"column":4},"end":{"line":66,"column":null}},"13":{"start":{"line":54,"column":6},"end":{"line":65,"column":null}},"14":{"start":{"line":55,"column":8},"end":{"line":64,"column":null}},"15":{"start":{"line":71,"column":4},"end":{"line":138,"column":null}},"16":{"start":{"line":72,"column":6},"end":{"line":98,"column":null}},"17":{"start":{"line":75,"column":10},"end":{"line":96,"column":null}},"18":{"start":{"line":76,"column":12},"end":{"line":81,"column":null}},"19":{"start":{"line":82,"column":10},"end":{"line":96,"column":null}},"20":{"start":{"line":83,"column":12},"end":{"line":83,"column":null}},"21":{"start":{"line":84,"column":12},"end":{"line":87,"column":null}},"22":{"start":{"line":90,"column":12},"end":{"line":90,"column":null}},"23":{"start":{"line":91,"column":12},"end":{"line":95,"column":null}},"24":{"start":{"line":100,"column":6},"end":{"line":136,"column":null}},"25":{"start":{"line":101,"column":8},"end":{"line":111,"column":null}},"26":{"start":{"line":102,"column":10},"end":{"line":110,"column":null}},"27":{"start":{"line":112,"column":8},"end":{"line":122,"column":null}},"28":{"start":{"line":113,"column":10},"end":{"line":121,"column":null}},"29":{"start":{"line":123,"column":8},"end":{"line":135,"column":null}},"30":{"start":{"line":124,"column":10},"end":{"line":134,"column":null}},"31":{"start":{"line":137,"column":6},"end":{"line":137,"column":null}},"32":{"start":{"line":140,"column":4},"end":{"line":143,"column":null}},"33":{"start":{"line":145,"column":4},"end":{"line":145,"column":null}},"34":{"start":{"line":146,"column":4},"end":{"line":155,"column":null}}},"fnMap":{"0":{"name":"(anonymous_0)","decl":{"start":{"line":16,"column":31},"end":{"line":16,"column":38}},"loc":{"start":{"line":16,"column":62},"end":{"line":157,"column":null}},"line":16},"1":{"name":"(anonymous_1)","decl":{"start":{"line":74,"column":8},"end":{"line":74,"column":15}},"loc":{"start":{"line":74,"column":26},"end":{"line":97,"column":null}},"line":74}},"branchMap":{"0":{"loc":{"start":{"line":19,"column":4},"end":{"line":24,"column":null}},"type":"if","locations":[{"start":{"line":19,"column":4},"end":{"line":24,"column":null}},{"start":{},"end":{}}],"line":19},"1":{"loc":{"start":{"line":27,"column":4},"end":{"line":32,"column":null}},"type":"if","locations":[{"start":{"line":27,"column":4},"end":{"line":32,"column":null}},{"start":{},"end":{}}],"line":27},"2":{"loc":{"start":{"line":40,"column":4},"end":{"line":50,"column":null}},"type":"if","locations":[{"start":{"line":40,"column":4},"end":{"line":50,"column":null}},{"start":{},"end":{}}],"line":40},"3":{"loc":{"start":{"line":40,"column":8},"end":{"line":40,"column":76}},"type":"binary-expr","locations":[{"start":{"line":40,"column":8},"end":{"line":40,"column":21}},{"start":{"line":40,"column":21},"end":{"line":40,"column":76}}],"line":40},"4":{"loc":{"start":{"line":53,"column":4},"end":{"line":66,"column":null}},"type":"if","locations":[{"start":{"line":53,"column":4},"end":{"line":66,"column":null}},{"start":{},"end":{}}],"line":53},"5":{"loc":{"start":{"line":53,"column":8},"end":{"line":53,"column":58}},"type":"binary-expr","locations":[{"start":{"line":53,"column":8},"end":{"line":53,"column":33}},{"start":{"line":53,"column":33},"end":{"line":53,"column":58}}],"line":53},"6":{"loc":{"start":{"line":54,"column":6},"end":{"line":65,"column":null}},"type":"if","locations":[{"start":{"line":54,"column":6},"end":{"line":65,"column":null}},{"start":{},"end":{}}],"line":54},"7":{"loc":{"start":{"line":54,"column":10},"end":{"line":54,"column":52}},"type":"binary-expr","locations":[{"start":{"line":54,"column":10},"end":{"line":54,"column":23}},{"start":{"line":54,"column":23},"end":{"line":54,"column":52}}],"line":54},"8":{"loc":{"start":{"line":75,"column":10},"end":{"line":96,"column":null}},"type":"if","locations":[{"start":{"line":75,"column":10},"end":{"line":96,"column":null}},{"start":{"line":82,"column":10},"end":{"line":96,"column":null}}],"line":75},"9":{"loc":{"start":{"line":82,"column":10},"end":{"line":96,"column":null}},"type":"if","locations":[{"start":{"line":82,"column":10},"end":{"line":96,"column":null}},{"start":{"line":88,"column":17},"end":{"line":96,"column":null}}],"line":82},"10":{"loc":{"start":{"line":100,"column":6},"end":{"line":136,"column":null}},"type":"if","locations":[{"start":{"line":100,"column":6},"end":{"line":136,"column":null}},{"start":{},"end":{}}],"line":100},"11":{"loc":{"start":{"line":101,"column":8},"end":{"line":111,"column":null}},"type":"if","locations":[{"start":{"line":101,"column":8},"end":{"line":111,"column":null}},{"start":{},"end":{}}],"line":101},"12":{"loc":{"start":{"line":112,"column":8},"end":{"line":122,"column":null}},"type":"if","locations":[{"start":{"line":112,"column":8},"end":{"line":122,"column":null}},{"start":{},"end":{}}],"line":112},"13":{"loc":{"start":{"line":123,"column":8},"end":{"line":135,"column":null}},"type":"if","locations":[{"start":{"line":123,"column":8},"end":{"line":135,"column":null}},{"start":{},"end":{}}],"line":123},"14":{"loc":{"start":{"line":149,"column":17},"end":{"line":149,"column":null}},"type":"cond-expr","locations":[{"start":{"line":149,"column":42},"end":{"line":149,"column":58}},{"start":{"line":149,"column":58},"end":{"line":149,"column":null}}],"line":149}},"s":{"0":1,"1":16,"2":16,"3":16,"4":1,"5":15,"6":15,"7":1,"8":14,"9":14,"10":14,"11":2,"12":12,"13":6,"14":3,"15":9,"16":9,"17":9,"18":6,"19":3,"20":1,"21":1,"22":2,"23":1,"24":3,"25":3,"26":1,"27":2,"28":1,"29":1,"30":1,"31":0,"32":6,"33":0,"34":0},"f":{"0":16,"1":9},"b":{"0":[1,15],"1":[1,14],"2":[2,12],"3":[14,13],"4":[6,6],"5":[12,9],"6":[3,3],"7":[6,4],"8":[6,3],"9":[1,2],"10":[3,0],"11":[1,2],"12":[1,1],"13":[1,0],"14":[0,0]},"meta":{"lastBranch":15,"lastFunction":2,"lastStatement":35,"seen":{"s:16:31:157:Infinity":0,"f:16:31:16:38":0,"s:17:2:156:Infinity":1,"s:18:24:18:Infinity":2,"b:19:4:24:Infinity:undefined:undefined:undefined:undefined":0,"s:19:4:24:Infinity":3,"s:20:6:23:Infinity":4,"s:26:20:26:Infinity":5,"b:27:4:32:Infinity:undefined:undefined:undefined:undefined":1,"s:27:4:32:Infinity":6,"s:28:6:31:Infinity":7,"s:34:17:34:Infinity":8,"s:35:35:35:Infinity":9,"b:40:4:50:Infinity:undefined:undefined:undefined:undefined":2,"s:40:4:50:Infinity":10,"b:40:8:40:21:40:21:40:76":3,"s:41:6:49:Infinity":11,"b:53:4:66:Infinity:undefined:undefined:undefined:undefined":4,"s:53:4:66:Infinity":12,"b:53:8:53:33:53:33:53:58":5,"b:54:6:65:Infinity:undefined:undefined:undefined:undefined":6,"s:54:6:65:Infinity":13,"b:54:10:54:23:54:23:54:52":7,"s:55:8:64:Infinity":14,"s:71:4:138:Infinity":15,"s:72:6:98:Infinity":16,"f:74:8:74:15":1,"b:75:10:96:Infinity:82:10:96:Infinity":8,"s:75:10:96:Infinity":17,"s:76:12:81:Infinity":18,"b:82:10:96:Infinity:88:17:96:Infinity":9,"s:82:10:96:Infinity":19,"s:83:12:83:Infinity":20,"s:84:12:87:Infinity":21,"s:90:12:90:Infinity":22,"s:91:12:95:Infinity":23,"b:100:6:136:Infinity:undefined:undefined:undefined:undefined":10,"s:100:6:136:Infinity":24,"b:101:8:111:Infinity:undefined:undefined:undefined:undefined":11,"s:101:8:111:Infinity":25,"s:102:10:110:Infinity":26,"b:112:8:122:Infinity:undefined:undefined:undefined:undefined":12,"s:112:8:122:Infinity":27,"s:113:10:121:Infinity":28,"b:123:8:135:Infinity:undefined:undefined:undefined:undefined":13,"s:123:8:135:Infinity":29,"s:124:10:134:Infinity":30,"s:137:6:137:Infinity":31,"s:140:4:143:Infinity":32,"s:145:4:145:Infinity":33,"s:146:4:155:Infinity":34,"b:149:42:149:58:149:58:149:Infinity":14}}}
,"/Users/peteargent/apps/000_fe_new/edgetrust/src/types/trust-builder.ts": {"path":"/Users/peteargent/apps/000_fe_new/edgetrust/src/types/trust-builder.ts","statementMap":{"0":{"start":{"line":10,"column":7},"end":{"line":10,"column":null}},"1":{"start":{"line":11,"column":2},"end":{"line":11,"column":null}},"2":{"start":{"line":12,"column":2},"end":{"line":12,"column":null}},"3":{"start":{"line":13,"column":2},"end":{"line":13,"column":null}},"4":{"start":{"line":14,"column":2},"end":{"line":14,"column":null}},"5":{"start":{"line":15,"column":2},"end":{"line":15,"column":null}},"6":{"start":{"line":16,"column":2},"end":{"line":16,"column":null}},"7":{"start":{"line":10,"column":12},"end":{"line":10,"column":null}},"8":{"start":{"line":19,"column":7},"end":{"line":19,"column":null}},"9":{"start":{"line":20,"column":2},"end":{"line":20,"column":null}},"10":{"start":{"line":21,"column":2},"end":{"line":21,"column":null}},"11":{"start":{"line":22,"column":2},"end":{"line":22,"column":null}},"12":{"start":{"line":23,"column":2},"end":{"line":23,"column":null}},"13":{"start":{"line":24,"column":2},"end":{"line":24,"column":null}},"14":{"start":{"line":19,"column":12},"end":{"line":19,"column":null}},"15":{"start":{"line":27,"column":7},"end":{"line":27,"column":null}},"16":{"start":{"line":28,"column":2},"end":{"line":28,"column":null}},"17":{"start":{"line":29,"column":2},"end":{"line":29,"column":null}},"18":{"start":{"line":30,"column":2},"end":{"line":30,"column":null}},"19":{"start":{"line":27,"column":12},"end":{"line":27,"column":null}},"20":{"start":{"line":33,"column":7},"end":{"line":33,"column":null}},"21":{"start":{"line":34,"column":2},"end":{"line":34,"column":null}},"22":{"start":{"line":35,"column":2},"end":{"line":35,"column":null}},"23":{"start":{"line":36,"column":2},"end":{"line":36,"column":null}},"24":{"start":{"line":33,"column":12},"end":{"line":33,"column":null}},"25":{"start":{"line":39,"column":7},"end":{"line":39,"column":null}},"26":{"start":{"line":40,"column":2},"end":{"line":40,"column":null}},"27":{"start":{"line":41,"column":2},"end":{"line":41,"column":null}},"28":{"start":{"line":39,"column":12},"end":{"line":39,"column":null}},"29":{"start":{"line":44,"column":7},"end":{"line":44,"column":null}},"30":{"start":{"line":45,"column":2},"end":{"line":45,"column":null}},"31":{"start":{"line":46,"column":2},"end":{"line":46,"column":null}},"32":{"start":{"line":44,"column":12},"end":{"line":44,"column":null}},"33":{"start":{"line":49,"column":7},"end":{"line":49,"column":null}},"34":{"start":{"line":50,"column":2},"end":{"line":50,"column":null}},"35":{"start":{"line":51,"column":2},"end":{"line":51,"column":null}},"36":{"start":{"line":52,"column":2},"end":{"line":52,"column":null}},"37":{"start":{"line":53,"column":2},"end":{"line":53,"column":null}},"38":{"start":{"line":49,"column":12},"end":{"line":49,"column":null}},"39":{"start":{"line":56,"column":7},"end":{"line":56,"column":null}},"40":{"start":{"line":57,"column":2},"end":{"line":57,"column":null}},"41":{"start":{"line":58,"column":2},"end":{"line":58,"column":null}},"42":{"start":{"line":59,"column":2},"end":{"line":59,"column":null}},"43":{"start":{"line":60,"column":2},"end":{"line":60,"column":null}},"44":{"start":{"line":61,"column":2},"end":{"line":61,"column":null}},"45":{"start":{"line":56,"column":12},"end":{"line":56,"column":null}},"46":{"start":{"line":68,"column":7},"end":{"line":68,"column":null}},"47":{"start":{"line":70,"column":2},"end":{"line":70,"column":null}},"48":{"start":{"line":71,"column":2},"end":{"line":71,"column":null}},"49":{"start":{"line":72,"column":2},"end":{"line":72,"column":null}},"50":{"start":{"line":73,"column":2},"end":{"line":73,"column":null}},"51":{"start":{"line":74,"column":2},"end":{"line":74,"column":null}},"52":{"start":{"line":77,"column":2},"end":{"line":77,"column":null}},"53":{"start":{"line":78,"column":2},"end":{"line":78,"column":null}},"54":{"start":{"line":79,"column":2},"end":{"line":79,"column":null}},"55":{"start":{"line":80,"column":2},"end":{"line":80,"column":null}},"56":{"start":{"line":81,"column":2},"end":{"line":81,"column":null}},"57":{"start":{"line":82,"column":2},"end":{"line":82,"column":null}},"58":{"start":{"line":83,"column":2},"end":{"line":83,"column":null}},"59":{"start":{"line":84,"column":2},"end":{"line":84,"column":null}},"60":{"start":{"line":68,"column":12},"end":{"line":68,"column":null}}},"fnMap":{"0":{"name":"(anonymous_0)","decl":{"start":{"line":10,"column":7},"end":{"line":10,"column":12}},"loc":{"start":{"line":10,"column":7},"end":{"line":10,"column":null}},"line":10},"1":{"name":"(anonymous_1)","decl":{"start":{"line":19,"column":7},"end":{"line":19,"column":12}},"loc":{"start":{"line":19,"column":7},"end":{"line":19,"column":null}},"line":19},"2":{"name":"(anonymous_2)","decl":{"start":{"line":27,"column":7},"end":{"line":27,"column":12}},"loc":{"start":{"line":27,"column":7},"end":{"line":27,"column":null}},"line":27},"3":{"name":"(anonymous_3)","decl":{"start":{"line":33,"column":7},"end":{"line":33,"column":12}},"loc":{"start":{"line":33,"column":7},"end":{"line":33,"column":null}},"line":33},"4":{"name":"(anonymous_4)","decl":{"start":{"line":39,"column":7},"end":{"line":39,"column":12}},"loc":{"start":{"line":39,"column":7},"end":{"line":39,"column":null}},"line":39},"5":{"name":"(anonymous_5)","decl":{"start":{"line":44,"column":7},"end":{"line":44,"column":12}},"loc":{"start":{"line":44,"column":7},"end":{"line":44,"column":null}},"line":44},"6":{"name":"(anonymous_6)","decl":{"start":{"line":49,"column":7},"end":{"line":49,"column":12}},"loc":{"start":{"line":49,"column":7},"end":{"line":49,"column":null}},"line":49},"7":{"name":"(anonymous_7)","decl":{"start":{"line":56,"column":7},"end":{"line":56,"column":12}},"loc":{"start":{"line":56,"column":7},"end":{"line":56,"column":null}},"line":56},"8":{"name":"(anonymous_8)","decl":{"start":{"line":68,"column":7},"end":{"line":68,"column":12}},"loc":{"start":{"line":68,"column":7},"end":{"line":68,"column":null}},"line":68}},"branchMap":{"0":{"loc":{"start":{"line":10,"column":12},"end":{"line":10,"column":null}},"type":"binary-expr","locations":[{"start":{"line":10,"column":12},"end":{"line":10,"column":null}},{"start":{"line":10,"column":12},"end":{"line":10,"column":null}}],"line":10},"1":{"loc":{"start":{"line":19,"column":12},"end":{"line":19,"column":null}},"type":"binary-expr","locations":[{"start":{"line":19,"column":12},"end":{"line":19,"column":null}},{"start":{"line":19,"column":12},"end":{"line":19,"column":null}}],"line":19},"2":{"loc":{"start":{"line":27,"column":12},"end":{"line":27,"column":null}},"type":"binary-expr","locations":[{"start":{"line":27,"column":12},"end":{"line":27,"column":null}},{"start":{"line":27,"column":12},"end":{"line":27,"column":null}}],"line":27},"3":{"loc":{"start":{"line":33,"column":12},"end":{"line":33,"column":null}},"type":"binary-expr","locations":[{"start":{"line":33,"column":12},"end":{"line":33,"column":null}},{"start":{"line":33,"column":12},"end":{"line":33,"column":null}}],"line":33},"4":{"loc":{"start":{"line":39,"column":12},"end":{"line":39,"column":null}},"type":"binary-expr","locations":[{"start":{"line":39,"column":12},"end":{"line":39,"column":null}},{"start":{"line":39,"column":12},"end":{"line":39,"column":null}}],"line":39},"5":{"loc":{"start":{"line":44,"column":12},"end":{"line":44,"column":null}},"type":"binary-expr","locations":[{"start":{"line":44,"column":12},"end":{"line":44,"column":null}},{"start":{"line":44,"column":12},"end":{"line":44,"column":null}}],"line":44},"6":{"loc":{"start":{"line":49,"column":12},"end":{"line":49,"column":null}},"type":"binary-expr","locations":[{"start":{"line":49,"column":12},"end":{"line":49,"column":null}},{"start":{"line":49,"column":12},"end":{"line":49,"column":null}}],"line":49},"7":{"loc":{"start":{"line":56,"column":12},"end":{"line":56,"column":null}},"type":"binary-expr","locations":[{"start":{"line":56,"column":12},"end":{"line":56,"column":null}},{"start":{"line":56,"column":12},"end":{"line":56,"column":null}}],"line":56},"8":{"loc":{"start":{"line":68,"column":12},"end":{"line":68,"column":null}},"type":"binary-expr","locations":[{"start":{"line":68,"column":12},"end":{"line":68,"column":null}},{"start":{"line":68,"column":12},"end":{"line":68,"column":null}}],"line":68}},"s":{"0":3,"1":3,"2":3,"3":3,"4":3,"5":3,"6":3,"7":3,"8":3,"9":3,"10":3,"11":3,"12":3,"13":3,"14":3,"15":3,"16":3,"17":3,"18":3,"19":3,"20":3,"21":3,"22":3,"23":3,"24":3,"25":3,"26":3,"27":3,"28":3,"29":3,"30":3,"31":3,"32":3,"33":3,"34":3,"35":3,"36":3,"37":3,"38":3,"39":3,"40":3,"41":3,"42":3,"43":3,"44":3,"45":3,"46":3,"47":3,"48":3,"49":3,"50":3,"51":3,"52":3,"53":3,"54":3,"55":3,"56":3,"57":3,"58":3,"59":3,"60":3},"f":{"0":3,"1":3,"2":3,"3":3,"4":3,"5":3,"6":3,"7":3,"8":3},"b":{"0":[3,3],"1":[3,3],"2":[3,3],"3":[3,3],"4":[3,3],"5":[3,3],"6":[3,3],"7":[3,3],"8":[3,3]},"meta":{"lastBranch":9,"lastFunction":9,"lastStatement":61,"seen":{"s:10:7:10:Infinity":0,"f:10:7:10:12":0,"s:11:2:11:Infinity":1,"s:12:2:12:Infinity":2,"s:13:2:13:Infinity":3,"s:14:2:14:Infinity":4,"s:15:2:15:Infinity":5,"s:16:2:16:Infinity":6,"s:10:12:10:Infinity":7,"b:10:12:10:Infinity:10:12:10:Infinity":0,"s:19:7:19:Infinity":8,"f:19:7:19:12":1,"s:20:2:20:Infinity":9,"s:21:2:21:Infinity":10,"s:22:2:22:Infinity":11,"s:23:2:23:Infinity":12,"s:24:2:24:Infinity":13,"s:19:12:19:Infinity":14,"b:19:12:19:Infinity:19:12:19:Infinity":1,"s:27:7:27:Infinity":15,"f:27:7:27:12":2,"s:28:2:28:Infinity":16,"s:29:2:29:Infinity":17,"s:30:2:30:Infinity":18,"s:27:12:27:Infinity":19,"b:27:12:27:Infinity:27:12:27:Infinity":2,"s:33:7:33:Infinity":20,"f:33:7:33:12":3,"s:34:2:34:Infinity":21,"s:35:2:35:Infinity":22,"s:36:2:36:Infinity":23,"s:33:12:33:Infinity":24,"b:33:12:33:Infinity:33:12:33:Infinity":3,"s:39:7:39:Infinity":25,"f:39:7:39:12":4,"s:40:2:40:Infinity":26,"s:41:2:41:Infinity":27,"s:39:12:39:Infinity":28,"b:39:12:39:Infinity:39:12:39:Infinity":4,"s:44:7:44:Infinity":29,"f:44:7:44:12":5,"s:45:2:45:Infinity":30,"s:46:2:46:Infinity":31,"s:44:12:44:Infinity":32,"b:44:12:44:Infinity:44:12:44:Infinity":5,"s:49:7:49:Infinity":33,"f:49:7:49:12":6,"s:50:2:50:Infinity":34,"s:51:2:51:Infinity":35,"s:52:2:52:Infinity":36,"s:53:2:53:Infinity":37,"s:49:12:49:Infinity":38,"b:49:12:49:Infinity:49:12:49:Infinity":6,"s:56:7:56:Infinity":39,"f:56:7:56:12":7,"s:57:2:57:Infinity":40,"s:58:2:58:Infinity":41,"s:59:2:59:Infinity":42,"s:60:2:60:Infinity":43,"s:61:2:61:Infinity":44,"s:56:12:56:Infinity":45,"b:56:12:56:Infinity:56:12:56:Infinity":7,"s:68:7:68:Infinity":46,"f:68:7:68:12":8,"s:70:2:70:Infinity":47,"s:71:2:71:Infinity":48,"s:72:2:72:Infinity":49,"s:73:2:73:Infinity":50,"s:74:2:74:Infinity":51,"s:77:2:77:Infinity":52,"s:78:2:78:Infinity":53,"s:79:2:79:Infinity":54,"s:80:2:80:Infinity":55,"s:81:2:81:Infinity":56,"s:82:2:82:Infinity":57,"s:83:2:83:Infinity":58,"s:84:2:84:Infinity":59,"s:68:12:68:Infinity":60,"b:68:12:68:Infinity:68:12:68:Infinity":8}}}
}
